<?xml version="1.0" encoding="UTF-8"?>
<!-- Generated by org.testng.reporters.JUnitReportReporter -->
<testsuite hostname="LAPTOP-U41PPMVF" failures="0" tests="10" name="com.test.InvocationCount" time="0.024" errors="0" timestamp="2022-12-15T16:24:45 IST" skipped="0">
  <testcase classname="com.test.InvocationCount" name="sum" time="0.002"/>
  <system-out/>
  <testcase classname="com.test.InvocationCount" name="sum" time="0.010"/>
  <system-out/>
  <testcase classname="com.test.InvocationCount" name="sum" time="0.002"/>
  <system-out/>
  <testcase classname="com.test.InvocationCount" name="sum" time="0.002"/>
  <system-out/>
  <testcase classname="com.test.InvocationCount" name="sum" time="0.000"/>
  <system-out/>
  <testcase classname="com.test.InvocationCount" name="sum" time="0.001"/>
  <system-out/>
  <testcase classname="com.test.InvocationCount" name="sum" time="0.003"/>
  <system-out/>
  <testcase classname="com.test.InvocationCount" name="sum" time="0.001"/>
  <system-out/>
  <testcase classname="com.test.InvocationCount" name="sum" time="0.001"/>
  <system-out/>
  <testcase classname="com.test.InvocationCount" name="sum" time="0.002"/>
  <system-out/>
</testsuite> <!-- com.test.InvocationCount -->
