<?xml version="1.0" encoding="UTF-8"?>
<!-- Generated by org.testng.reporters.JUnitReportReporter -->
<testsuite hostname="LAPTOP-U41PPMVF" failures="0" tests="5" name="com.test.GoogleTest" time="40.093" errors="0" timestamp="2022-12-15T17:49:05 IST" skipped="0">
  <testcase classname="com.test.GoogleTest" name="googleLogoTest" time="8.066"/>
  <system-out/>
  <testcase classname="com.test.GoogleTest" name="googleTitle" time="7.945"/>
  <system-out/>
  <testcase classname="com.test.GoogleTest" name="Test1" time="7.649"/>
  <system-out/>
  <testcase classname="com.test.GoogleTest" name="Test2" time="7.683"/>
  <system-out/>
  <testcase classname="com.test.GoogleTest" name="Test3" time="8.750"/>
  <system-out/>
</testsuite> <!-- com.test.GoogleTest -->
