<?xml version="1.0" encoding="UTF-8"?>
<!-- Generated by org.testng.reporters.JUnitReportReporter -->
<testsuite hostname="LAPTOP-U41PPMVF" failures="0" tests="1" name="com.parameter.Testngparameter" time="7.289" errors="0" timestamp="2022-12-16T14:43:03 IST" skipped="0">
  <testcase classname="com.parameter.Testngparameter" name="facebook" time="7.289"/>
  <system-out/>
</testsuite> <!-- com.parameter.Testngparameter -->
