<?xml version="1.0" encoding="UTF-8"?>
<!-- Generated by org.testng.reporters.JUnitReportReporter -->
<testsuite hostname="LAPTOP-U41PPMVF" failures="0" tests="1" name="com.test.TestNgBasics" time="0.001" errors="0" timestamp="2022-12-15T17:49:05 IST" skipped="0">
  <testcase classname="com.test.TestNgBasics" name="googleTitleTest" time="0.001"/>
  <system-out/>
</testsuite> <!-- com.test.TestNgBasics -->
